{"/Users/minal/Desktop/task_management/server.js": {"path":"/Users/minal/Desktop/task_management/server.js","statementMap":{"0":{"start":{"line":1,"column":16},"end":{"line":1,"column":34}},"1":{"start":{"line":2,"column":13},"end":{"line":2,"column":28}},"2":{"start":{"line":3,"column":13},"end":{"line":3,"column":28}},"3":{"start":{"line":4,"column":15},"end":{"line":4,"column":32}},"4":{"start":{"line":5,"column":12},"end":{"line":5,"column":35}},"5":{"start":{"line":6,"column":0},"end":{"line":6,"column":27}},"6":{"start":{"line":8,"column":11},"end":{"line":8,"column":43}},"7":{"start":{"line":9,"column":44},"end":{"line":9,"column":72}},"8":{"start":{"line":11,"column":12},"end":{"line":11,"column":21}},"9":{"start":{"line":12,"column":13},"end":{"line":12,"column":37}},"10":{"start":{"line":15,"column":0},"end":{"line":15,"column":16}},"11":{"start":{"line":16,"column":0},"end":{"line":16,"column":24}},"12":{"start":{"line":17,"column":0},"end":{"line":17,"column":48}},"13":{"start":{"line":18,"column":0},"end":{"line":18,"column":34}},"14":{"start":{"line":23,"column":0},"end":{"line":67,"column":3}},"15":{"start":{"line":24,"column":2},"end":{"line":66,"column":3}},"16":{"start":{"line":25,"column":42},"end":{"line":25,"column":50}},"17":{"start":{"line":27,"column":4},"end":{"line":29,"column":5}},"18":{"start":{"line":28,"column":6},"end":{"line":28,"column":90}},"19":{"start":{"line":32,"column":27},"end":{"line":35,"column":5}},"20":{"start":{"line":37,"column":4},"end":{"line":39,"column":5}},"21":{"start":{"line":38,"column":6},"end":{"line":38,"column":86}},"22":{"start":{"line":42,"column":27},"end":{"line":42,"column":58}},"23":{"start":{"line":45,"column":21},"end":{"line":48,"column":5}},"24":{"start":{"line":51,"column":18},"end":{"line":55,"column":5}},"25":{"start":{"line":57,"column":4},"end":{"line":62,"column":7}},"26":{"start":{"line":64,"column":4},"end":{"line":64,"column":52}},"27":{"start":{"line":65,"column":4},"end":{"line":65,"column":80}},"28":{"start":{"line":70,"column":0},"end":{"line":110,"column":3}},"29":{"start":{"line":71,"column":2},"end":{"line":109,"column":3}},"30":{"start":{"line":72,"column":32},"end":{"line":72,"column":40}},"31":{"start":{"line":74,"column":4},"end":{"line":76,"column":5}},"32":{"start":{"line":75,"column":6},"end":{"line":75,"column":98}},"33":{"start":{"line":79,"column":20},"end":{"line":79,"column":82}},"34":{"start":{"line":81,"column":4},"end":{"line":83,"column":5}},"35":{"start":{"line":82,"column":6},"end":{"line":82,"column":86}},"36":{"start":{"line":85,"column":17},"end":{"line":85,"column":25}},"37":{"start":{"line":88,"column":28},"end":{"line":88,"column":73}},"38":{"start":{"line":90,"column":4},"end":{"line":92,"column":5}},"39":{"start":{"line":91,"column":6},"end":{"line":91,"column":86}},"40":{"start":{"line":95,"column":18},"end":{"line":99,"column":5}},"41":{"start":{"line":101,"column":4},"end":{"line":105,"column":7}},"42":{"start":{"line":107,"column":4},"end":{"line":107,"column":46}},"43":{"start":{"line":108,"column":4},"end":{"line":108,"column":74}},"44":{"start":{"line":113,"column":0},"end":{"line":126,"column":3}},"45":{"start":{"line":114,"column":2},"end":{"line":125,"column":3}},"46":{"start":{"line":115,"column":20},"end":{"line":115,"column":115}},"47":{"start":{"line":117,"column":4},"end":{"line":119,"column":5}},"48":{"start":{"line":118,"column":6},"end":{"line":118,"column":81}},"49":{"start":{"line":121,"column":4},"end":{"line":121,"column":48}},"50":{"start":{"line":123,"column":4},"end":{"line":123,"column":49}},"51":{"start":{"line":124,"column":4},"end":{"line":124,"column":77}},"52":{"start":{"line":133,"column":0},"end":{"line":176,"column":3}},"53":{"start":{"line":134,"column":2},"end":{"line":175,"column":3}},"54":{"start":{"line":135,"column":70},"end":{"line":135,"column":79}},"55":{"start":{"line":137,"column":16},"end":{"line":137,"column":47}},"56":{"start":{"line":138,"column":19},"end":{"line":138,"column":21}},"57":{"start":{"line":141,"column":4},"end":{"line":146,"column":5}},"58":{"start":{"line":142,"column":6},"end":{"line":142,"column":55}},"59":{"start":{"line":143,"column":6},"end":{"line":143,"column":31}},"60":{"start":{"line":145,"column":6},"end":{"line":145,"column":38}},"61":{"start":{"line":149,"column":4},"end":{"line":152,"column":5}},"62":{"start":{"line":150,"column":6},"end":{"line":150,"column":33}},"63":{"start":{"line":151,"column":6},"end":{"line":151,"column":26}},"64":{"start":{"line":155,"column":4},"end":{"line":158,"column":5}},"65":{"start":{"line":156,"column":6},"end":{"line":156,"column":59}},"66":{"start":{"line":157,"column":6},"end":{"line":157,"column":48}},"67":{"start":{"line":161,"column":30},"end":{"line":161,"column":77}},"68":{"start":{"line":162,"column":26},"end":{"line":162,"column":41}},"69":{"start":{"line":164,"column":4},"end":{"line":168,"column":5}},"70":{"start":{"line":165,"column":6},"end":{"line":165,"column":46}},"71":{"start":{"line":167,"column":6},"end":{"line":167,"column":43}},"72":{"start":{"line":170,"column":19},"end":{"line":170,"column":48}},"73":{"start":{"line":171,"column":4},"end":{"line":171,"column":64}},"74":{"start":{"line":173,"column":4},"end":{"line":173,"column":50}},"75":{"start":{"line":174,"column":4},"end":{"line":174,"column":78}},"76":{"start":{"line":179,"column":0},"end":{"line":190,"column":3}},"77":{"start":{"line":180,"column":2},"end":{"line":189,"column":3}},"78":{"start":{"line":181,"column":19},"end":{"line":181,"column":86}},"79":{"start":{"line":182,"column":4},"end":{"line":184,"column":5}},"80":{"start":{"line":183,"column":6},"end":{"line":183,"column":81}},"81":{"start":{"line":185,"column":4},"end":{"line":185,"column":47}},"82":{"start":{"line":187,"column":4},"end":{"line":187,"column":49}},"83":{"start":{"line":188,"column":4},"end":{"line":188,"column":77}},"84":{"start":{"line":193,"column":0},"end":{"line":214,"column":3}},"85":{"start":{"line":194,"column":2},"end":{"line":213,"column":3}},"86":{"start":{"line":195,"column":43},"end":{"line":195,"column":51}},"87":{"start":{"line":197,"column":4},"end":{"line":199,"column":5}},"88":{"start":{"line":198,"column":6},"end":{"line":198,"column":84}},"89":{"start":{"line":201,"column":19},"end":{"line":201,"column":48}},"90":{"start":{"line":203,"column":21},"end":{"line":206,"column":5}},"91":{"start":{"line":208,"column":22},"end":{"line":208,"column":91}},"92":{"start":{"line":209,"column":4},"end":{"line":209,"column":62}},"93":{"start":{"line":211,"column":4},"end":{"line":211,"column":49}},"94":{"start":{"line":212,"column":4},"end":{"line":212,"column":77}},"95":{"start":{"line":217,"column":0},"end":{"line":241,"column":3}},"96":{"start":{"line":218,"column":2},"end":{"line":240,"column":3}},"97":{"start":{"line":219,"column":43},"end":{"line":219,"column":51}},"98":{"start":{"line":220,"column":19},"end":{"line":220,"column":29}},"99":{"start":{"line":222,"column":4},"end":{"line":224,"column":5}},"100":{"start":{"line":223,"column":6},"end":{"line":223,"column":84}},"101":{"start":{"line":226,"column":21},"end":{"line":229,"column":5}},"102":{"start":{"line":231,"column":4},"end":{"line":233,"column":5}},"103":{"start":{"line":232,"column":6},"end":{"line":232,"column":81}},"104":{"start":{"line":235,"column":26},"end":{"line":235,"column":82}},"105":{"start":{"line":236,"column":4},"end":{"line":236,"column":54}},"106":{"start":{"line":238,"column":4},"end":{"line":238,"column":49}},"107":{"start":{"line":239,"column":4},"end":{"line":239,"column":77}},"108":{"start":{"line":244,"column":0},"end":{"line":257,"column":3}},"109":{"start":{"line":245,"column":2},"end":{"line":256,"column":3}},"110":{"start":{"line":246,"column":21},"end":{"line":246,"column":86}},"111":{"start":{"line":248,"column":4},"end":{"line":250,"column":5}},"112":{"start":{"line":249,"column":6},"end":{"line":249,"column":81}},"113":{"start":{"line":252,"column":4},"end":{"line":252,"column":70}},"114":{"start":{"line":254,"column":4},"end":{"line":254,"column":49}},"115":{"start":{"line":255,"column":4},"end":{"line":255,"column":77}},"116":{"start":{"line":260,"column":0},"end":{"line":262,"column":3}},"117":{"start":{"line":261,"column":2},"end":{"line":261,"column":63}}},"fnMap":{"0":{"name":"(anonymous_0)","decl":{"start":{"line":23,"column":31},"end":{"line":23,"column":32}},"loc":{"start":{"line":23,"column":51},"end":{"line":67,"column":1}},"line":23},"1":{"name":"(anonymous_1)","decl":{"start":{"line":70,"column":28},"end":{"line":70,"column":29}},"loc":{"start":{"line":70,"column":48},"end":{"line":110,"column":1}},"line":70},"2":{"name":"(anonymous_2)","decl":{"start":{"line":113,"column":43},"end":{"line":113,"column":44}},"loc":{"start":{"line":113,"column":63},"end":{"line":126,"column":1}},"line":113},"3":{"name":"(anonymous_3)","decl":{"start":{"line":133,"column":36},"end":{"line":133,"column":37}},"loc":{"start":{"line":133,"column":56},"end":{"line":176,"column":1}},"line":133},"4":{"name":"(anonymous_4)","decl":{"start":{"line":179,"column":26},"end":{"line":179,"column":27}},"loc":{"start":{"line":179,"column":46},"end":{"line":190,"column":1}},"line":179},"5":{"name":"(anonymous_5)","decl":{"start":{"line":193,"column":37},"end":{"line":193,"column":38}},"loc":{"start":{"line":193,"column":57},"end":{"line":214,"column":1}},"line":193},"6":{"name":"(anonymous_6)","decl":{"start":{"line":217,"column":26},"end":{"line":217,"column":27}},"loc":{"start":{"line":217,"column":46},"end":{"line":241,"column":1}},"line":217},"7":{"name":"(anonymous_7)","decl":{"start":{"line":244,"column":29},"end":{"line":244,"column":30}},"loc":{"start":{"line":244,"column":49},"end":{"line":257,"column":1}},"line":244},"8":{"name":"(anonymous_8)","decl":{"start":{"line":260,"column":17},"end":{"line":260,"column":18}},"loc":{"start":{"line":260,"column":23},"end":{"line":262,"column":1}},"line":260}},"branchMap":{"0":{"loc":{"start":{"line":12,"column":13},"end":{"line":12,"column":37}},"type":"binary-expr","locations":[{"start":{"line":12,"column":13},"end":{"line":12,"column":29}},{"start":{"line":12,"column":33},"end":{"line":12,"column":37}}],"line":12},"1":{"loc":{"start":{"line":27,"column":4},"end":{"line":29,"column":5}},"type":"if","locations":[{"start":{"line":27,"column":4},"end":{"line":29,"column":5}},{"start":{},"end":{}}],"line":27},"2":{"loc":{"start":{"line":27,"column":8},"end":{"line":27,"column":40}},"type":"binary-expr","locations":[{"start":{"line":27,"column":8},"end":{"line":27,"column":17}},{"start":{"line":27,"column":21},"end":{"line":27,"column":27}},{"start":{"line":27,"column":31},"end":{"line":27,"column":40}}],"line":27},"3":{"loc":{"start":{"line":37,"column":4},"end":{"line":39,"column":5}},"type":"if","locations":[{"start":{"line":37,"column":4},"end":{"line":39,"column":5}},{"start":{},"end":{}}],"line":37},"4":{"loc":{"start":{"line":74,"column":4},"end":{"line":76,"column":5}},"type":"if","locations":[{"start":{"line":74,"column":4},"end":{"line":76,"column":5}},{"start":{},"end":{}}],"line":74},"5":{"loc":{"start":{"line":74,"column":8},"end":{"line":74,"column":27}},"type":"binary-expr","locations":[{"start":{"line":74,"column":8},"end":{"line":74,"column":14}},{"start":{"line":74,"column":18},"end":{"line":74,"column":27}}],"line":74},"6":{"loc":{"start":{"line":81,"column":4},"end":{"line":83,"column":5}},"type":"if","locations":[{"start":{"line":81,"column":4},"end":{"line":83,"column":5}},{"start":{},"end":{}}],"line":81},"7":{"loc":{"start":{"line":90,"column":4},"end":{"line":92,"column":5}},"type":"if","locations":[{"start":{"line":90,"column":4},"end":{"line":92,"column":5}},{"start":{},"end":{}}],"line":90},"8":{"loc":{"start":{"line":117,"column":4},"end":{"line":119,"column":5}},"type":"if","locations":[{"start":{"line":117,"column":4},"end":{"line":119,"column":5}},{"start":{},"end":{}}],"line":117},"9":{"loc":{"start":{"line":135,"column":28},"end":{"line":135,"column":49}},"type":"default-arg","locations":[{"start":{"line":135,"column":37},"end":{"line":135,"column":49}}],"line":135},"10":{"loc":{"start":{"line":135,"column":51},"end":{"line":135,"column":65}},"type":"default-arg","locations":[{"start":{"line":135,"column":59},"end":{"line":135,"column":65}}],"line":135},"11":{"loc":{"start":{"line":141,"column":4},"end":{"line":146,"column":5}},"type":"if","locations":[{"start":{"line":141,"column":4},"end":{"line":146,"column":5}},{"start":{"line":144,"column":11},"end":{"line":146,"column":5}}],"line":141},"12":{"loc":{"start":{"line":149,"column":4},"end":{"line":152,"column":5}},"type":"if","locations":[{"start":{"line":149,"column":4},"end":{"line":152,"column":5}},{"start":{},"end":{}}],"line":149},"13":{"loc":{"start":{"line":149,"column":8},"end":{"line":149,"column":34}},"type":"binary-expr","locations":[{"start":{"line":149,"column":8},"end":{"line":149,"column":14}},{"start":{"line":149,"column":18},"end":{"line":149,"column":34}}],"line":149},"14":{"loc":{"start":{"line":155,"column":4},"end":{"line":158,"column":5}},"type":"if","locations":[{"start":{"line":155,"column":4},"end":{"line":158,"column":5}},{"start":{},"end":{}}],"line":155},"15":{"loc":{"start":{"line":164,"column":4},"end":{"line":168,"column":5}},"type":"if","locations":[{"start":{"line":164,"column":4},"end":{"line":168,"column":5}},{"start":{"line":166,"column":11},"end":{"line":168,"column":5}}],"line":164},"16":{"loc":{"start":{"line":164,"column":8},"end":{"line":164,"column":89}},"type":"binary-expr","locations":[{"start":{"line":164,"column":8},"end":{"line":164,"column":42}},{"start":{"line":164,"column":46},"end":{"line":164,"column":89}}],"line":164},"17":{"loc":{"start":{"line":182,"column":4},"end":{"line":184,"column":5}},"type":"if","locations":[{"start":{"line":182,"column":4},"end":{"line":184,"column":5}},{"start":{},"end":{}}],"line":182},"18":{"loc":{"start":{"line":197,"column":4},"end":{"line":199,"column":5}},"type":"if","locations":[{"start":{"line":197,"column":4},"end":{"line":199,"column":5}},{"start":{},"end":{}}],"line":197},"19":{"loc":{"start":{"line":201,"column":19},"end":{"line":201,"column":48}},"type":"cond-expr","locations":[{"start":{"line":201,"column":30},"end":{"line":201,"column":41}},{"start":{"line":201,"column":44},"end":{"line":201,"column":48}}],"line":201},"20":{"loc":{"start":{"line":205,"column":22},"end":{"line":205,"column":39}},"type":"binary-expr","locations":[{"start":{"line":205,"column":22},"end":{"line":205,"column":33}},{"start":{"line":205,"column":37},"end":{"line":205,"column":39}}],"line":205},"21":{"loc":{"start":{"line":205,"column":41},"end":{"line":205,"column":60}},"type":"binary-expr","locations":[{"start":{"line":205,"column":41},"end":{"line":205,"column":47}},{"start":{"line":205,"column":51},"end":{"line":205,"column":60}}],"line":205},"22":{"loc":{"start":{"line":222,"column":4},"end":{"line":224,"column":5}},"type":"if","locations":[{"start":{"line":222,"column":4},"end":{"line":224,"column":5}},{"start":{},"end":{}}],"line":222},"23":{"loc":{"start":{"line":231,"column":4},"end":{"line":233,"column":5}},"type":"if","locations":[{"start":{"line":231,"column":4},"end":{"line":233,"column":5}},{"start":{},"end":{}}],"line":231},"24":{"loc":{"start":{"line":248,"column":4},"end":{"line":250,"column":5}},"type":"if","locations":[{"start":{"line":248,"column":4},"end":{"line":250,"column":5}},{"start":{},"end":{}}],"line":248}},"s":{"0":0,"1":0,"2":0,"3":0,"4":0,"5":0,"6":0,"7":0,"8":0,"9":0,"10":0,"11":0,"12":0,"13":0,"14":0,"15":0,"16":0,"17":0,"18":0,"19":0,"20":0,"21":0,"22":0,"23":0,"24":0,"25":0,"26":0,"27":0,"28":0,"29":0,"30":0,"31":0,"32":0,"33":0,"34":0,"35":0,"36":0,"37":0,"38":0,"39":0,"40":0,"41":0,"42":0,"43":0,"44":0,"45":0,"46":0,"47":0,"48":0,"49":0,"50":0,"51":0,"52":0,"53":0,"54":0,"55":0,"56":0,"57":0,"58":0,"59":0,"60":0,"61":0,"62":0,"63":0,"64":0,"65":0,"66":0,"67":0,"68":0,"69":0,"70":0,"71":0,"72":0,"73":0,"74":0,"75":0,"76":0,"77":0,"78":0,"79":0,"80":0,"81":0,"82":0,"83":0,"84":0,"85":0,"86":0,"87":0,"88":0,"89":0,"90":0,"91":0,"92":0,"93":0,"94":0,"95":0,"96":0,"97":0,"98":0,"99":0,"100":0,"101":0,"102":0,"103":0,"104":0,"105":0,"106":0,"107":0,"108":0,"109":0,"110":0,"111":0,"112":0,"113":0,"114":0,"115":0,"116":0,"117":0},"f":{"0":0,"1":0,"2":0,"3":0,"4":0,"5":0,"6":0,"7":0,"8":0},"b":{"0":[0,0],"1":[0,0],"2":[0,0,0],"3":[0,0],"4":[0,0],"5":[0,0],"6":[0,0],"7":[0,0],"8":[0,0],"9":[0],"10":[0],"11":[0,0],"12":[0,0],"13":[0,0],"14":[0,0],"15":[0,0],"16":[0,0],"17":[0,0],"18":[0,0],"19":[0,0],"20":[0,0],"21":[0,0],"22":[0,0],"23":[0,0],"24":[0,0]}}
,"/Users/minal/Desktop/task_management/database/connection.js": {"path":"/Users/minal/Desktop/task_management/database/connection.js","statementMap":{"0":{"start":{"line":1,"column":14},"end":{"line":1,"column":31}},"1":{"start":{"line":2,"column":0},"end":{"line":2,"column":27}},"2":{"start":{"line":5,"column":13},"end":{"line":14,"column":2}},"3":{"start":{"line":17,"column":20},"end":{"line":17,"column":34}},"4":{"start":{"line":20,"column":0},"end":{"line":27,"column":3}},"5":{"start":{"line":21,"column":2},"end":{"line":24,"column":3}},"6":{"start":{"line":22,"column":4},"end":{"line":22,"column":64}},"7":{"start":{"line":23,"column":4},"end":{"line":23,"column":11}},"8":{"start":{"line":25,"column":2},"end":{"line":25,"column":58}},"9":{"start":{"line":26,"column":2},"end":{"line":26,"column":23}},"10":{"start":{"line":29,"column":0},"end":{"line":29,"column":29}}},"fnMap":{"0":{"name":"(anonymous_0)","decl":{"start":{"line":20,"column":19},"end":{"line":20,"column":20}},"loc":{"start":{"line":20,"column":40},"end":{"line":27,"column":1}},"line":20}},"branchMap":{"0":{"loc":{"start":{"line":21,"column":2},"end":{"line":24,"column":3}},"type":"if","locations":[{"start":{"line":21,"column":2},"end":{"line":24,"column":3}},{"start":{},"end":{}}],"line":21}},"s":{"0":0,"1":0,"2":0,"3":0,"4":0,"5":0,"6":0,"7":0,"8":0,"9":0,"10":0},"f":{"0":0},"b":{"0":[0,0]}}
,"/Users/minal/Desktop/task_management/middleware/auth.js": {"path":"/Users/minal/Desktop/task_management/middleware/auth.js","statementMap":{"0":{"start":{"line":1,"column":12},"end":{"line":1,"column":35}},"1":{"start":{"line":4,"column":26},"end":{"line":19,"column":1}},"2":{"start":{"line":5,"column":21},"end":{"line":5,"column":49}},"3":{"start":{"line":6,"column":16},"end":{"line":6,"column":54}},"4":{"start":{"line":8,"column":2},"end":{"line":10,"column":3}},"5":{"start":{"line":9,"column":4},"end":{"line":9,"column":86}},"6":{"start":{"line":12,"column":2},"end":{"line":18,"column":5}},"7":{"start":{"line":13,"column":4},"end":{"line":15,"column":5}},"8":{"start":{"line":14,"column":6},"end":{"line":14,"column":91}},"9":{"start":{"line":16,"column":4},"end":{"line":16,"column":20}},"10":{"start":{"line":17,"column":4},"end":{"line":17,"column":11}},"11":{"start":{"line":22,"column":21},"end":{"line":34,"column":1}},"12":{"start":{"line":23,"column":21},"end":{"line":23,"column":49}},"13":{"start":{"line":24,"column":16},"end":{"line":24,"column":54}},"14":{"start":{"line":26,"column":2},"end":{"line":32,"column":3}},"15":{"start":{"line":27,"column":4},"end":{"line":31,"column":7}},"16":{"start":{"line":28,"column":6},"end":{"line":30,"column":7}},"17":{"start":{"line":29,"column":8},"end":{"line":29,"column":24}},"18":{"start":{"line":33,"column":2},"end":{"line":33,"column":9}},"19":{"start":{"line":36,"column":0},"end":{"line":36,"column":53}}},"fnMap":{"0":{"name":"(anonymous_0)","decl":{"start":{"line":4,"column":26},"end":{"line":4,"column":27}},"loc":{"start":{"line":4,"column":46},"end":{"line":19,"column":1}},"line":4},"1":{"name":"(anonymous_1)","decl":{"start":{"line":12,"column":44},"end":{"line":12,"column":45}},"loc":{"start":{"line":12,"column":59},"end":{"line":18,"column":3}},"line":12},"2":{"name":"(anonymous_2)","decl":{"start":{"line":22,"column":21},"end":{"line":22,"column":22}},"loc":{"start":{"line":22,"column":41},"end":{"line":34,"column":1}},"line":22},"3":{"name":"(anonymous_3)","decl":{"start":{"line":27,"column":46},"end":{"line":27,"column":47}},"loc":{"start":{"line":27,"column":61},"end":{"line":31,"column":5}},"line":27}},"branchMap":{"0":{"loc":{"start":{"line":6,"column":16},"end":{"line":6,"column":54}},"type":"binary-expr","locations":[{"start":{"line":6,"column":16},"end":{"line":6,"column":26}},{"start":{"line":6,"column":30},"end":{"line":6,"column":54}}],"line":6},"1":{"loc":{"start":{"line":8,"column":2},"end":{"line":10,"column":3}},"type":"if","locations":[{"start":{"line":8,"column":2},"end":{"line":10,"column":3}},{"start":{},"end":{}}],"line":8},"2":{"loc":{"start":{"line":13,"column":4},"end":{"line":15,"column":5}},"type":"if","locations":[{"start":{"line":13,"column":4},"end":{"line":15,"column":5}},{"start":{},"end":{}}],"line":13},"3":{"loc":{"start":{"line":24,"column":16},"end":{"line":24,"column":54}},"type":"binary-expr","locations":[{"start":{"line":24,"column":16},"end":{"line":24,"column":26}},{"start":{"line":24,"column":30},"end":{"line":24,"column":54}}],"line":24},"4":{"loc":{"start":{"line":26,"column":2},"end":{"line":32,"column":3}},"type":"if","locations":[{"start":{"line":26,"column":2},"end":{"line":32,"column":3}},{"start":{},"end":{}}],"line":26},"5":{"loc":{"start":{"line":28,"column":6},"end":{"line":30,"column":7}},"type":"if","locations":[{"start":{"line":28,"column":6},"end":{"line":30,"column":7}},{"start":{},"end":{}}],"line":28}},"s":{"0":0,"1":0,"2":0,"3":0,"4":0,"5":0,"6":0,"7":0,"8":0,"9":0,"10":0,"11":0,"12":0,"13":0,"14":0,"15":0,"16":0,"17":0,"18":0,"19":0},"f":{"0":0,"1":0,"2":0,"3":0},"b":{"0":[0,0],"1":[0,0],"2":[0,0],"3":[0,0],"4":[0,0],"5":[0,0]}}
}
